<?xml version="1.0" encoding="UTF-8"?>
<testng-results skipped="0" failed="0" ignored="0" total="1" passed="1">
  <reporter-output>
  </reporter-output>
  <suite name="Default suite" duration-ms="26261" started-at="2020-08-25T11:36:58 IST" finished-at="2020-08-25T11:37:25 IST">
    <groups>
    </groups>
    <test name="Default test" duration-ms="26261" started-at="2020-08-25T11:36:58 IST" finished-at="2020-08-25T11:37:25 IST">
      <class name="com.training.sanity.tests.RemoveAddedItemsFromCart">
        <test-method status="PASS" signature="setUpBeforeClass()[pri:0, instance:com.training.sanity.tests.RemoveAddedItemsFromCart@7d0587f1]" name="setUpBeforeClass" is-config="true" duration-ms="30" started-at="2020-08-25T11:36:58 IST" finished-at="2020-08-25T11:36:58 IST">
          <reporter-output>
          </reporter-output>
        </test-method> <!-- setUpBeforeClass -->
        <test-method status="PASS" signature="setUp()[pri:0, instance:com.training.sanity.tests.RemoveAddedItemsFromCart@7d0587f1]" name="setUp" is-config="true" duration-ms="14868" started-at="2020-08-25T11:36:58 IST" finished-at="2020-08-25T11:37:13 IST">
          <reporter-output>
          </reporter-output>
        </test-method> <!-- setUp -->
        <test-method status="PASS" signature="AddProdDetail()[pri:0, instance:com.training.sanity.tests.RemoveAddedItemsFromCart@7d0587f1]" name="AddProdDetail" duration-ms="10285" started-at="2020-08-25T11:37:13 IST" finished-at="2020-08-25T11:37:23 IST">
          <reporter-output>
          </reporter-output>
        </test-method> <!-- AddProdDetail -->
        <test-method status="PASS" signature="tearDown()[pri:0, instance:com.training.sanity.tests.RemoveAddedItemsFromCart@7d0587f1]" name="tearDown" is-config="true" duration-ms="1001" started-at="2020-08-25T11:37:23 IST" finished-at="2020-08-25T11:37:24 IST">
          <reporter-output>
          </reporter-output>
        </test-method> <!-- tearDown -->
      </class> <!-- com.training.sanity.tests.RemoveAddedItemsFromCart -->
    </test> <!-- Default test -->
  </suite> <!-- Default suite -->
</testng-results>
